verilog/enumdefine.v
verilog/sdpram.v
verilog/fifo_sync.v
verilog/add.v
verilog/mul.v
verilog/Compute_33Weight.v
verilog/sdpram_1.v
verilog/fifo_sync_1.v
verilog/mul_simd.v
verilog/channel_in_thirty_two_times_acc.v
verilog/general_fifo_sync.v
verilog/add_simd.v
verilog/shift.v
verilog/fifo_sync_2.v
verilog/compute_ctrl.v
verilog/load_weight.v
verilog/general_fifo_sync_1.v
verilog/sdpram_4.v
verilog/mul_add_simd.v
verilog/channel_in_acc.v
verilog/channel_out_acc.v
verilog/Conv_quan_ctrl.v
verilog/Conv_Bias.v
verilog/Conv_scale.v
verilog/Conv_shift.v
verilog/Conv_zero.v
verilog/Conv_leaky_relu.v
verilog/mul_2.v
verilog/general_fifo_sync_2.v
verilog/Conv_Norm.v
verilog/Conv_quan.v
verilog/Conv_Stride.v
verilog/Compute_11.v
