verilog/enumdefine.v
verilog/fifo_sync.v
verilog/sdpram.v
verilog/add.v
verilog/mul.v
verilog/padding_fifo.v
verilog/general_fifo_sync.v
verilog/sdpram_9.v
verilog/mul_2.v
verilog/Compute_33Weight.v
verilog/sdpram_13.v
verilog/fifo_sync_2.v
verilog/mul_simd.v
verilog/add_simd.v
verilog/channel_in_sixteen_times_acc.v
verilog/cin_convert.v
verilog/padding.v
verilog/four2three.v
verilog/three2nine.v
verilog/compute_ctrl.v
verilog/load_weight.v
verilog/general_fifo_sync_1.v
verilog/sdpram_16.v
verilog/mul_add_simd.v
verilog/channel_in_acc.v
verilog/channel_out_acc.v
verilog/data_generate.v
verilog/Conv_Norm.v
verilog/Compute_33.v
