verilog/enumdefine.v
verilog/add.v
verilog/fifo_sync.v
verilog/add_64.v
verilog/fifo_sync_1.v
verilog/mul_simd.v
verilog/add_simd.v
verilog/general_fifo_sync.v
verilog/add_simd_64.v
verilog/leaky_relu.v
verilog/image_padding_fifo.v
verilog/general_fifo_sync_1.v
verilog/sdpram.v
verilog/image_compute_ctrl.v
verilog/mul_add_simd.v
verilog/image_quan_ctrl.v
verilog/image_quan_bias.v
verilog/image_quan_scale.v
verilog/image_quan_shift.v
verilog/image_quan_zero.v
verilog/image_leaky_relu.v
verilog/image_padding.v
verilog/image_four2three.v
verilog/three2nine.v
verilog/image_conv.v
verilog/image_quan.v
verilog/top.v
